<?xml version="1.0" encoding="UTF-8"?>
<!-- Generated by org.testng.reporters.JUnitReportReporter -->
<testsuite skipped="2" hostname="DESKTOP-727A0UM" name="TamploScript.TamploAutoScript.SampleTest" tests="3" failures="0" timestamp="09 May 2019 15:01:25 GMT" time="0.016" errors="0">
  <testcase name="test3" time="0.016" classname="TamploScript.TamploAutoScript.SampleTest"/>
  <testcase name="test2" classname="TamploScript.TamploAutoScript.SampleTest">
    <skipped/>
  </testcase> <!-- test2 -->
  <testcase name="test" classname="TamploScript.TamploAutoScript.SampleTest">
    <skipped/>
  </testcase> <!-- test -->
</testsuite> <!-- TamploScript.TamploAutoScript.SampleTest -->
