<?xml version="1.0" encoding="UTF-8"?>
<!-- Generated by org.testng.reporters.JUnitReportReporter -->
<testsuite skipped="1" hostname="DESKTOP-727A0UM" name="TamploScript.TamploAutoScript.App" tests="3" failures="0" timestamp="16 Jun 2019 07:31:20 GMT" time="0.019" errors="0">
  <testcase name="Testone" time="0.005" classname="TamploScript.TamploAutoScript.App"/>
  <testcase name="Stringoperstion" time="0.014" classname="TamploScript.TamploAutoScript.App"/>
  <testcase name="test2" classname="TamploScript.TamploAutoScript.App">
    <skipped/>
  </testcase> <!-- test2 -->
</testsuite> <!-- TamploScript.TamploAutoScript.App -->
